[2021-01-27 11:46:39,868] SEVERE {b7a.log.crash} - null 
java.lang.NullPointerException
	at org.wso2.ballerinalang.programfile.PackageFileWriter.writePackage(PackageFileWriter.java:52)
	at org.ballerinalang.packerina.writer.BirFileWriter.writeBIRToPath(BirFileWriter.java:100)
	at org.ballerinalang.packerina.task.CreateBirTask.writeImportBir(CreateBirTask.java:99)
	at org.ballerinalang.packerina.task.CreateBirTask.execute(CreateBirTask.java:64)
	at org.ballerinalang.packerina.TaskExecutor.executeTasks(TaskExecutor.java:38)
	at org.ballerinalang.packerina.cmd.RunCommand.execute(RunCommand.java:293)
	at java.util.Optional.ifPresent(Optional.java:159)
	at org.ballerinalang.tool.Main.main(Main.java:57)
 
[2021-01-27 11:52:04,986] SEVERE {b7a.log.crash} - null 
java.lang.NullPointerException
	at org.wso2.ballerinalang.programfile.PackageFileWriter.writePackage(PackageFileWriter.java:52)
	at org.ballerinalang.packerina.writer.BirFileWriter.writeBIRToPath(BirFileWriter.java:100)
	at org.ballerinalang.packerina.task.CreateBirTask.writeImportBir(CreateBirTask.java:99)
	at org.ballerinalang.packerina.task.CreateBirTask.execute(CreateBirTask.java:64)
	at org.ballerinalang.packerina.TaskExecutor.executeTasks(TaskExecutor.java:38)
	at org.ballerinalang.packerina.cmd.RunCommand.execute(RunCommand.java:293)
	at java.util.Optional.ifPresent(Optional.java:159)
	at org.ballerinalang.tool.Main.main(Main.java:57)
 
[2021-01-27 12:01:55,763] SEVERE {b7a.log.crash} - null 
java.lang.NullPointerException
	at org.wso2.ballerinalang.programfile.PackageFileWriter.writePackage(PackageFileWriter.java:52)
	at org.ballerinalang.packerina.writer.BirFileWriter.writeBIRToPath(BirFileWriter.java:100)
	at org.ballerinalang.packerina.task.CreateBirTask.writeImportBir(CreateBirTask.java:99)
	at org.ballerinalang.packerina.task.CreateBirTask.execute(CreateBirTask.java:64)
	at org.ballerinalang.packerina.TaskExecutor.executeTasks(TaskExecutor.java:38)
	at org.ballerinalang.packerina.cmd.RunCommand.execute(RunCommand.java:293)
	at java.util.Optional.ifPresent(Optional.java:159)
	at org.ballerinalang.tool.Main.main(Main.java:57)
 
[2021-01-27 12:03:20,454] SEVERE {b7a.log.crash} - null 
java.lang.NullPointerException
	at org.wso2.ballerinalang.programfile.PackageFileWriter.writePackage(PackageFileWriter.java:52)
	at org.ballerinalang.packerina.writer.BirFileWriter.writeBIRToPath(BirFileWriter.java:100)
	at org.ballerinalang.packerina.task.CreateBirTask.writeImportBir(CreateBirTask.java:99)
	at org.ballerinalang.packerina.task.CreateBirTask.execute(CreateBirTask.java:64)
	at org.ballerinalang.packerina.TaskExecutor.executeTasks(TaskExecutor.java:38)
	at org.ballerinalang.packerina.cmd.RunCommand.execute(RunCommand.java:293)
	at java.util.Optional.ifPresent(Optional.java:159)
	at org.ballerinalang.tool.Main.main(Main.java:57)
 
[2021-01-27 16:28:05,114] SEVERE {b7a.log.crash} - Illegal char <:> at index 6: src\/E:/src/aws.s3/amazonS3_sort.bal\/E:/src/aws.s3/amazonS3_sort.bal 
java.nio.file.InvalidPathException: Illegal char <:> at index 6: src\/E:/src/aws.s3/amazonS3_sort.bal\/E:/src/aws.s3/amazonS3_sort.bal
	at java.base/sun.nio.fs.WindowsPathParser.normalize(Unknown Source)
	at java.base/sun.nio.fs.WindowsPathParser.parse(Unknown Source)
	at java.base/sun.nio.fs.WindowsPathParser.parse(Unknown Source)
	at java.base/sun.nio.fs.WindowsPath.parse(Unknown Source)
	at java.base/sun.nio.fs.WindowsFileSystem.getPath(Unknown Source)
	at java.base/java.nio.file.Path.of(Unknown Source)
	at java.base/java.nio.file.Paths.get(Unknown Source)
	at org.ballerinalang.observability.anaylze.DefaultObservabilitySymbolCollector.getCUnitASTHolder(DefaultObservabilitySymbolCollector.java:174)
	at org.ballerinalang.observability.anaylze.DefaultObservabilitySymbolCollector.getModuleASTHolder(DefaultObservabilitySymbolCollector.java:152)
	at org.ballerinalang.observability.anaylze.DefaultObservabilitySymbolCollector.process(DefaultObservabilitySymbolCollector.java:87)
	at org.wso2.ballerinalang.compiler.CompilerDriver.generateObservabilityData(CompilerDriver.java:331)
	at org.wso2.ballerinalang.compiler.CompilerDriver.compile(CompilerDriver.java:308)
	at org.wso2.ballerinalang.compiler.CompilerDriver.compilePackageSymbol(CompilerDriver.java:260)
	at org.wso2.ballerinalang.compiler.CompilerDriver.compilePackageSymbol(CompilerDriver.java:257)
	at org.wso2.ballerinalang.compiler.CompilerDriver.compilePackage(CompilerDriver.java:143)
	at org.wso2.ballerinalang.compiler.Compiler.compilePackages(Compiler.java:176)
	at org.wso2.ballerinalang.compiler.Compiler.compilePackage(Compiler.java:221)
	at org.wso2.ballerinalang.compiler.Compiler.compile(Compiler.java:101)
	at org.wso2.ballerinalang.compiler.Compiler.build(Compiler.java:109)
	at org.ballerinalang.packerina.task.CompileTask.execute(CompileTask.java:55)
	at org.ballerinalang.packerina.TaskExecutor.executeTasks(TaskExecutor.java:38)
	at org.ballerinalang.packerina.cmd.RunCommand.execute(RunCommand.java:296)
	at java.base/java.util.Optional.ifPresent(Unknown Source)
	at org.ballerinalang.tool.Main.main(Main.java:57)
 
[2021-01-27 16:32:20,189] SEVERE {b7a.log.crash} - Illegal char <:> at index 6: src\/E:/src/aws.s3/amazonS3_sort.bal\/E:/src/aws.s3/amazonS3_sort.bal 
java.nio.file.InvalidPathException: Illegal char <:> at index 6: src\/E:/src/aws.s3/amazonS3_sort.bal\/E:/src/aws.s3/amazonS3_sort.bal
	at java.base/sun.nio.fs.WindowsPathParser.normalize(Unknown Source)
	at java.base/sun.nio.fs.WindowsPathParser.parse(Unknown Source)
	at java.base/sun.nio.fs.WindowsPathParser.parse(Unknown Source)
	at java.base/sun.nio.fs.WindowsPath.parse(Unknown Source)
	at java.base/sun.nio.fs.WindowsFileSystem.getPath(Unknown Source)
	at java.base/java.nio.file.Path.of(Unknown Source)
	at java.base/java.nio.file.Paths.get(Unknown Source)
	at org.ballerinalang.observability.anaylze.DefaultObservabilitySymbolCollector.getCUnitASTHolder(DefaultObservabilitySymbolCollector.java:174)
	at org.ballerinalang.observability.anaylze.DefaultObservabilitySymbolCollector.getModuleASTHolder(DefaultObservabilitySymbolCollector.java:152)
	at org.ballerinalang.observability.anaylze.DefaultObservabilitySymbolCollector.process(DefaultObservabilitySymbolCollector.java:87)
	at org.wso2.ballerinalang.compiler.CompilerDriver.generateObservabilityData(CompilerDriver.java:331)
	at org.wso2.ballerinalang.compiler.CompilerDriver.compile(CompilerDriver.java:308)
	at org.wso2.ballerinalang.compiler.CompilerDriver.compilePackageSymbol(CompilerDriver.java:260)
	at org.wso2.ballerinalang.compiler.CompilerDriver.compilePackageSymbol(CompilerDriver.java:257)
	at org.wso2.ballerinalang.compiler.CompilerDriver.compilePackage(CompilerDriver.java:143)
	at org.wso2.ballerinalang.compiler.Compiler.compilePackages(Compiler.java:176)
	at org.wso2.ballerinalang.compiler.Compiler.compilePackage(Compiler.java:221)
	at org.wso2.ballerinalang.compiler.Compiler.compile(Compiler.java:101)
	at org.wso2.ballerinalang.compiler.Compiler.build(Compiler.java:109)
	at org.ballerinalang.packerina.task.CompileTask.execute(CompileTask.java:55)
	at org.ballerinalang.packerina.TaskExecutor.executeTasks(TaskExecutor.java:38)
	at org.ballerinalang.packerina.cmd.RunCommand.execute(RunCommand.java:296)
	at java.base/java.util.Optional.ifPresent(Unknown Source)
	at org.ballerinalang.tool.Main.main(Main.java:57)
 
