[2021-01-21 11:36:29,789] SEVERE {b7a.log.crash} - java.lang.StackOverflowError 
error: java.lang.StackOverflowError 
	at ballerina.http:externExecuteClientAction(http_client.bal:235)
	   ballerina.http.HttpClient:post(http_client.bal:48)
	   ballerina.http.Client:post(client_endpoint.bal:72)
	   service:invokeEndpoint(service.bal:40)
	   service:$lambda$0(service.bal:27) 
[2021-01-27 11:40:29,534] SEVERE {b7a.log.crash} - null 
java.lang.NullPointerException
	at org.wso2.ballerinalang.programfile.PackageFileWriter.writePackage(PackageFileWriter.java:52)
	at org.ballerinalang.packerina.writer.BirFileWriter.writeBIRToPath(BirFileWriter.java:100)
	at org.ballerinalang.packerina.task.CreateBirTask.writeImportBir(CreateBirTask.java:99)
	at org.ballerinalang.packerina.task.CreateBirTask.execute(CreateBirTask.java:64)
	at org.ballerinalang.packerina.TaskExecutor.executeTasks(TaskExecutor.java:38)
	at org.ballerinalang.packerina.cmd.RunCommand.execute(RunCommand.java:293)
	at java.util.Optional.ifPresent(Optional.java:159)
	at org.ballerinalang.tool.Main.main(Main.java:57)
 
[2021-01-27 11:44:56,436] SEVERE {b7a.log.crash} - null 
java.lang.NullPointerException
	at org.wso2.ballerinalang.programfile.PackageFileWriter.writePackage(PackageFileWriter.java:52)
	at org.ballerinalang.packerina.writer.BirFileWriter.writeBIRToPath(BirFileWriter.java:100)
	at org.ballerinalang.packerina.task.CreateBirTask.writeImportBir(CreateBirTask.java:99)
	at org.ballerinalang.packerina.task.CreateBirTask.execute(CreateBirTask.java:64)
	at org.ballerinalang.packerina.TaskExecutor.executeTasks(TaskExecutor.java:38)
	at org.ballerinalang.packerina.cmd.RunCommand.execute(RunCommand.java:293)
	at java.util.Optional.ifPresent(Optional.java:159)
	at org.ballerinalang.tool.Main.main(Main.java:57)
 
