[2021-03-19 15:03:40,487] SEVERE {b7a.log.crash} - class io.ballerina.compiler.internal.syntax.ExternalTreeNodeList cannot be cast to class io.ballerina.compiler.syntax.tree.MetadataNode (io.ballerina.compiler.internal.syntax.ExternalTreeNodeList and io.ballerina.compiler.syntax.tree.MetadataNode are in unnamed module of loader 'app') 
java.lang.ClassCastException: class io.ballerina.compiler.internal.syntax.ExternalTreeNodeList cannot be cast to class io.ballerina.compiler.syntax.tree.MetadataNode (io.ballerina.compiler.internal.syntax.ExternalTreeNodeList and io.ballerina.compiler.syntax.tree.MetadataNode are in unnamed module of loader 'app')
	at java.base/java.util.Optional.map(Unknown Source)
	at org.wso2.ballerinalang.compiler.parser.BLangNodeTransformer.getAnnotations(BLangNodeTransformer.java:480)
	at org.wso2.ballerinalang.compiler.parser.BLangNodeTransformer.transform(BLangNodeTransformer.java:549)
	at org.wso2.ballerinalang.compiler.parser.BLangNodeTransformer.transform(BLangNodeTransformer.java:436)
	at io.ballerina.compiler.syntax.tree.ModuleVariableDeclarationNode.apply(ModuleVariableDeclarationNode.java:67)
	at org.wso2.ballerinalang.compiler.parser.BLangNodeTransformer.transform(BLangNodeTransformer.java:530)
	at org.wso2.ballerinalang.compiler.parser.BLangNodeTransformer.transform(BLangNodeTransformer.java:436)
	at io.ballerina.compiler.syntax.tree.ModulePartNode.apply(ModulePartNode.java:54)
	at org.wso2.ballerinalang.compiler.parser.BLangNodeTransformer.accept(BLangNodeTransformer.java:460)
	at org.wso2.ballerinalang.compiler.parser.Parser.generateCompilationUnitNew(Parser.java:121)
	at org.wso2.ballerinalang.compiler.parser.Parser.parse(Parser.java:94)
	at org.wso2.ballerinalang.compiler.PackageLoader.parse(PackageLoader.java:487)
	at org.wso2.ballerinalang.compiler.PackageLoader.loadEntryPackage(PackageLoader.java:374)
	at org.wso2.ballerinalang.compiler.Compiler.compilePackages(Compiler.java:166)
	at org.wso2.ballerinalang.compiler.Compiler.compilePackage(Compiler.java:221)
	at org.wso2.ballerinalang.compiler.Compiler.compile(Compiler.java:101)
	at org.wso2.ballerinalang.compiler.Compiler.build(Compiler.java:109)
	at org.ballerinalang.packerina.task.CompileTask.execute(CompileTask.java:55)
	at org.ballerinalang.packerina.TaskExecutor.executeTasks(TaskExecutor.java:38)
	at org.ballerinalang.packerina.cmd.RunCommand.execute(RunCommand.java:296)
	at java.base/java.util.Optional.ifPresent(Unknown Source)
	at org.ballerinalang.tool.Main.main(Main.java:57)
 
[2021-03-19 15:04:38,552] SEVERE {b7a.log.crash} - class io.ballerina.compiler.internal.syntax.ExternalTreeNodeList cannot be cast to class io.ballerina.compiler.syntax.tree.MetadataNode (io.ballerina.compiler.internal.syntax.ExternalTreeNodeList and io.ballerina.compiler.syntax.tree.MetadataNode are in unnamed module of loader 'app') 
java.lang.ClassCastException: class io.ballerina.compiler.internal.syntax.ExternalTreeNodeList cannot be cast to class io.ballerina.compiler.syntax.tree.MetadataNode (io.ballerina.compiler.internal.syntax.ExternalTreeNodeList and io.ballerina.compiler.syntax.tree.MetadataNode are in unnamed module of loader 'app')
	at java.base/java.util.Optional.map(Unknown Source)
	at org.wso2.ballerinalang.compiler.parser.BLangNodeTransformer.getAnnotations(BLangNodeTransformer.java:480)
	at org.wso2.ballerinalang.compiler.parser.BLangNodeTransformer.transform(BLangNodeTransformer.java:549)
	at org.wso2.ballerinalang.compiler.parser.BLangNodeTransformer.transform(BLangNodeTransformer.java:436)
	at io.ballerina.compiler.syntax.tree.ModuleVariableDeclarationNode.apply(ModuleVariableDeclarationNode.java:67)
	at org.wso2.ballerinalang.compiler.parser.BLangNodeTransformer.transform(BLangNodeTransformer.java:530)
	at org.wso2.ballerinalang.compiler.parser.BLangNodeTransformer.transform(BLangNodeTransformer.java:436)
	at io.ballerina.compiler.syntax.tree.ModulePartNode.apply(ModulePartNode.java:54)
	at org.wso2.ballerinalang.compiler.parser.BLangNodeTransformer.accept(BLangNodeTransformer.java:460)
	at org.wso2.ballerinalang.compiler.parser.Parser.generateCompilationUnitNew(Parser.java:121)
	at org.wso2.ballerinalang.compiler.parser.Parser.parse(Parser.java:94)
	at org.wso2.ballerinalang.compiler.PackageLoader.parse(PackageLoader.java:487)
	at org.wso2.ballerinalang.compiler.PackageLoader.loadEntryPackage(PackageLoader.java:374)
	at org.wso2.ballerinalang.compiler.Compiler.compilePackages(Compiler.java:166)
	at org.wso2.ballerinalang.compiler.Compiler.compilePackage(Compiler.java:221)
	at org.wso2.ballerinalang.compiler.Compiler.compile(Compiler.java:101)
	at org.wso2.ballerinalang.compiler.Compiler.build(Compiler.java:109)
	at org.ballerinalang.packerina.task.CompileTask.execute(CompileTask.java:55)
	at org.ballerinalang.packerina.TaskExecutor.executeTasks(TaskExecutor.java:38)
	at org.ballerinalang.packerina.cmd.RunCommand.execute(RunCommand.java:296)
	at java.base/java.util.Optional.ifPresent(Unknown Source)
	at org.ballerinalang.tool.Main.main(Main.java:57)
 
