[2021-03-10 20:57:37,561] SEVERE {b7a.log.crash} - null 
java.lang.NullPointerException
	at org.wso2.ballerinalang.compiler.semantics.analyzer.SemanticAnalyzer.handleDeclaredWithVar(SemanticAnalyzer.java:892)
	at org.wso2.ballerinalang.compiler.semantics.analyzer.SemanticAnalyzer.visit(SemanticAnalyzer.java:603)
	at org.wso2.ballerinalang.compiler.tree.BLangSimpleVariable.accept(BLangSimpleVariable.java:53)
	at org.wso2.ballerinalang.compiler.semantics.analyzer.SemanticAnalyzer.analyzeNode(SemanticAnalyzer.java:2798)
	at org.wso2.ballerinalang.compiler.semantics.analyzer.SemanticAnalyzer.analyzeNode(SemanticAnalyzer.java:2766)
	at org.wso2.ballerinalang.compiler.semantics.analyzer.SemanticAnalyzer.analyzeDef(SemanticAnalyzer.java:2758)
	at org.wso2.ballerinalang.compiler.semantics.analyzer.SemanticAnalyzer.visit(SemanticAnalyzer.java:1685)
	at org.wso2.ballerinalang.compiler.tree.statements.BLangSimpleVariableDef.accept(BLangSimpleVariableDef.java:46)
	at org.wso2.ballerinalang.compiler.semantics.analyzer.SemanticAnalyzer.analyzeNode(SemanticAnalyzer.java:2798)
	at org.wso2.ballerinalang.compiler.semantics.analyzer.SemanticAnalyzer.analyzeNode(SemanticAnalyzer.java:2766)
	at org.wso2.ballerinalang.compiler.semantics.analyzer.SemanticAnalyzer.analyzeStmt(SemanticAnalyzer.java:2762)
	at org.wso2.ballerinalang.compiler.semantics.analyzer.SemanticAnalyzer.visit(SemanticAnalyzer.java:381)
	at org.wso2.ballerinalang.compiler.tree.BLangBlockFunctionBody.accept(BLangBlockFunctionBody.java:58)
	at org.wso2.ballerinalang.compiler.semantics.analyzer.SemanticAnalyzer.analyzeNode(SemanticAnalyzer.java:2798)
	at org.wso2.ballerinalang.compiler.semantics.analyzer.SemanticAnalyzer.visit(SemanticAnalyzer.java:353)
	at org.wso2.ballerinalang.compiler.tree.BLangFunction.accept(BLangFunction.java:73)
	at org.wso2.ballerinalang.compiler.semantics.analyzer.SemanticAnalyzer.analyzeNode(SemanticAnalyzer.java:2798)
	at org.wso2.ballerinalang.compiler.semantics.analyzer.SemanticAnalyzer.analyzeNode(SemanticAnalyzer.java:2766)
	at org.wso2.ballerinalang.compiler.semantics.analyzer.SemanticAnalyzer.analyzeDef(SemanticAnalyzer.java:2758)
	at org.wso2.ballerinalang.compiler.semantics.analyzer.SemanticAnalyzer.visit(SemanticAnalyzer.java:269)
	at org.wso2.ballerinalang.compiler.tree.BLangPackage.accept(BLangPackage.java:163)
	at org.wso2.ballerinalang.compiler.semantics.analyzer.SemanticAnalyzer.analyze(SemanticAnalyzer.java:243)
	at org.wso2.ballerinalang.compiler.CompilerDriver.typeCheck(CompilerDriver.java:339)
	at org.wso2.ballerinalang.compiler.CompilerDriver.compile(CompilerDriver.java:268)
	at org.wso2.ballerinalang.compiler.CompilerDriver.compilePackageSymbol(CompilerDriver.java:260)
	at org.wso2.ballerinalang.compiler.CompilerDriver.compilePackage(CompilerDriver.java:143)
	at org.wso2.ballerinalang.compiler.Compiler.compilePackages(Compiler.java:176)
	at org.wso2.ballerinalang.compiler.Compiler.compilePackage(Compiler.java:221)
	at org.wso2.ballerinalang.compiler.Compiler.compile(Compiler.java:101)
	at org.wso2.ballerinalang.compiler.Compiler.build(Compiler.java:109)
	at org.ballerinalang.packerina.task.CompileTask.execute(CompileTask.java:55)
	at org.ballerinalang.packerina.TaskExecutor.executeTasks(TaskExecutor.java:38)
	at org.ballerinalang.packerina.cmd.RunCommand.execute(RunCommand.java:296)
	at java.base/java.util.Optional.ifPresent(Unknown Source)
	at org.ballerinalang.tool.Main.main(Main.java:57)
 
[2021-04-07 16:14:18,744] SEVERE {b7a.log.crash} - null 
java.lang.AssertionError
	at org.wso2.ballerinalang.compiler.tree.BLangNodeVisitor.visit(BLangNodeVisitor.java:777)
	at org.wso2.ballerinalang.compiler.tree.types.BLangFiniteTypeNode.accept(BLangFiniteTypeNode.java:59)
	at org.wso2.ballerinalang.compiler.desugar.Desugar.rewrite(Desugar.java:5788)
	at org.wso2.ballerinalang.compiler.desugar.Desugar.visit(Desugar.java:5504)
	at org.wso2.ballerinalang.compiler.tree.expressions.BLangTypeTestExpr.accept(BLangTypeTestExpr.java:65)
	at org.wso2.ballerinalang.compiler.desugar.Desugar.rewriteExpr(Desugar.java:5813)
	at org.wso2.ballerinalang.compiler.desugar.Desugar.visit(Desugar.java:3673)
	at org.wso2.ballerinalang.compiler.tree.expressions.BLangGroupExpr.accept(BLangGroupExpr.java:43)
	at org.wso2.ballerinalang.compiler.desugar.Desugar.rewriteExpr(Desugar.java:5813)
	at org.wso2.ballerinalang.compiler.desugar.Desugar.visit(Desugar.java:2855)
	at org.wso2.ballerinalang.compiler.tree.statements.BLangIf.accept(BLangIf.java:56)
	at org.wso2.ballerinalang.compiler.desugar.Desugar.rewrite(Desugar.java:5788)
	at org.wso2.ballerinalang.compiler.desugar.Desugar.rewrite(Desugar.java:5829)
	at org.wso2.ballerinalang.compiler.desugar.Desugar.rewriteStmt(Desugar.java:5839)
	at org.wso2.ballerinalang.compiler.desugar.Desugar.visit(Desugar.java:1032)
	at org.wso2.ballerinalang.compiler.tree.BLangBlockFunctionBody.accept(BLangBlockFunctionBody.java:58)
	at org.wso2.ballerinalang.compiler.desugar.Desugar.rewrite(Desugar.java:5788)
	at org.wso2.ballerinalang.compiler.desugar.Desugar.visit(Desugar.java:1072)
	at org.wso2.ballerinalang.compiler.tree.BLangFunction.accept(BLangFunction.java:73)
	at org.wso2.ballerinalang.compiler.desugar.Desugar.rewrite(Desugar.java:5788)
	at org.wso2.ballerinalang.compiler.desugar.Desugar.rewrite(Desugar.java:5846)
	at org.wso2.ballerinalang.compiler.desugar.Desugar.visit(Desugar.java:744)
	at org.wso2.ballerinalang.compiler.tree.BLangPackage.accept(BLangPackage.java:163)
	at org.wso2.ballerinalang.compiler.desugar.Desugar.rewrite(Desugar.java:5788)
	at org.wso2.ballerinalang.compiler.desugar.Desugar.perform(Desugar.java:409)
	at org.wso2.ballerinalang.compiler.CompilerDriver.desugar(CompilerDriver.java:371)
	at org.wso2.ballerinalang.compiler.CompilerDriver.compile(CompilerDriver.java:313)
	at org.wso2.ballerinalang.compiler.CompilerDriver.compilePackageSymbol(CompilerDriver.java:260)
	at org.wso2.ballerinalang.compiler.CompilerDriver.compilePackage(CompilerDriver.java:143)
	at org.wso2.ballerinalang.compiler.Compiler.compilePackages(Compiler.java:176)
	at org.wso2.ballerinalang.compiler.Compiler.compilePackage(Compiler.java:221)
	at org.wso2.ballerinalang.compiler.Compiler.compile(Compiler.java:101)
	at org.wso2.ballerinalang.compiler.Compiler.build(Compiler.java:109)
	at org.ballerinalang.packerina.task.CompileTask.execute(CompileTask.java:55)
	at org.ballerinalang.packerina.TaskExecutor.executeTasks(TaskExecutor.java:38)
	at org.ballerinalang.packerina.cmd.RunCommand.execute(RunCommand.java:296)
	at java.base/java.util.Optional.ifPresent(Unknown Source)
	at org.ballerinalang.tool.Main.main(Main.java:57)
 
