[2021-02-09 15:22:24,846] SEVERE {b7a.log.crash} - error("failed to start server connector '0.0.0.0:9098': Address already in use: bind") 
io.ballerina.runtime.util.exceptions.BallerinaException: error("failed to start server connector '0.0.0.0:9098': Address already in use: bind")
	at org.ballerinalang.test.runtime.entity.TesterinaFunction.runOnSchedule(TesterinaFunction.java:122)
	at org.ballerinalang.test.runtime.entity.TesterinaFunction.invoke(TesterinaFunction.java:56)
	at org.ballerinalang.test.runtime.BTestRunner.startSuite(BTestRunner.java:572)
	at org.ballerinalang.test.runtime.BTestRunner.execute(BTestRunner.java:288)
	at org.ballerinalang.test.runtime.BTestRunner.runTest(BTestRunner.java:107)
	at org.ballerinalang.test.runtime.util.TesterinaUtils.executeTests(TesterinaUtils.java:74)
	at org.ballerinalang.test.runtime.Main.startTestSuit(Main.java:60)
	at org.ballerinalang.test.runtime.Main.main(Main.java:52)
Caused by: error("failed to start server connector '0.0.0.0:9098': Address already in use: bind")
	at io.ballerina.runtime.api.ErrorCreator.createDistinctError(ErrorCreator.java:154)
	at io.ballerina.runtime.api.ErrorCreator.createDistinctError(ErrorCreator.java:138)
	at org.ballerinalang.net.http.HttpUtil.createHttpError(HttpUtil.java:564)
	at org.ballerinalang.net.http.serviceendpoint.Start.startServerConnector(Start.java:63)
	at org.ballerinalang.net.http.serviceendpoint.Start.start(Start.java:41)
	at ballerina.http.1_0_1.service_endpoint.externStart(service_endpoint.bal:148)
	at ballerina.http.1_0_1.$value$Listener.startEndpoint(service_endpoint.bal:119)
	at ballerina.http.1_0_1.$value$Listener.call(service_endpoint.bal)
	at ballerina.http.1_0_1.$value$Listener.__start(service_endpoint.bal:40)
	at ballerina.http.1_0_1.$value$Listener.call(service_endpoint.bal)
	at acer.getSoummission.0_1_0.$_init.$acer_getSoummission_0_1_0__start_(getSoummission:16)
	at acer.getSoummission.0_1_0.$_init.$moduleStart(getSoummission)
	at java.base/jdk.internal.reflect.NativeMethodAccessorImpl.invoke0(Native Method)
	at java.base/jdk.internal.reflect.NativeMethodAccessorImpl.invoke(Unknown Source)
	at java.base/jdk.internal.reflect.DelegatingMethodAccessorImpl.invoke(Unknown Source)
	at java.base/java.lang.reflect.Method.invoke(Unknown Source)
	at org.ballerinalang.test.runtime.entity.TesterinaFunction.lambda$runOnSchedule$0(TesterinaFunction.java:109)
	at io.ballerina.runtime.scheduling.SchedulerItem.execute(Scheduler.java:501)
	at io.ballerina.runtime.scheduling.Scheduler.run(Scheduler.java:277)
	at io.ballerina.runtime.scheduling.Scheduler.runSafely(Scheduler.java:245)
	at io.ballerina.runtime.scheduling.Scheduler.start(Scheduler.java:232)
	at org.ballerinalang.test.runtime.entity.TesterinaFunction.runOnSchedule(TesterinaFunction.java:118)
	... 7 more
 
